Using pre-set license
Built from '2020.3/release' branch; Version is '2020.3.12f1 (b3b2c6512326) revision 11776710'; Using compiler version '192528614'; Build Type 'Release'
OS: 'Windows 10 Home; OS build 19043.1288; Version 2009; 64bit' Language: 'en' Physical Memory: 7934 MB
BatchMode: 1, IsHumanControllingUs: 0, StartBugReporterOnCrash: 0, Is64bit: 1, IsPro: 0

 COMMAND LINE ARGUMENTS:
C:\Program Files\2020.3.12f1\Editor\Unity.exe
-adb2
-batchMode
-noUpm
-name
AssetImportWorker0
-projectPath
C:/Users/gdeva/ZH-DontTouchTheCube
-logFile
Logs/AssetImportWorker0.log
-srvPort
64299
Successfully changed project path to: C:/Users/gdeva/ZH-DontTouchTheCube
C:/Users/gdeva/ZH-DontTouchTheCube
Using Asset Import Pipeline V2.
Refreshing native plugins compatible for Editor in 41.84 ms, found 2 plugins.
Preloading 0 native plugins for Editor in 0.00 ms.
Initialize engine version: 2020.3.12f1 (b3b2c6512326)
[Subsystems] Discovering subsystems at path C:/Program Files/2020.3.12f1/Editor/Data/Resources/UnitySubsystems
[Subsystems] Discovering subsystems at path C:/Users/gdeva/ZH-DontTouchTheCube/Assets
GfxDevice: creating device client; threaded=0
Direct3D:
    Version:  Direct3D 11.0 [level 11.1]
    Renderer: Intel(R) UHD Graphics (ID=0x8a56)
    Vendor:   
    VRAM:     3967 MB
    Driver:   27.20.100.8729
Initialize mono
Mono path[0] = 'C:/Program Files/2020.3.12f1/Editor/Data/Managed'
Mono path[1] = 'C:/Program Files/2020.3.12f1/Editor/Data/MonoBleedingEdge/lib/mono/unityjit'
Mono config path = 'C:/Program Files/2020.3.12f1/Editor/Data/MonoBleedingEdge/etc'
Using monoOptions --debugger-agent=transport=dt_socket,embedding=1,server=y,suspend=n,address=127.0.0.1:56496
Begin MonoManager ReloadAssembly
Registering precompiled unity dll's ...
Register platform support module: C:/Program Files/2020.3.12f1/Editor/Data/PlaybackEngines/WindowsStandaloneSupport/UnityEditor.WindowsStandalone.Extensions.dll
Registered in 0.002002 seconds.
Native extension for WindowsStandalone target not found
Refreshing native plugins compatible for Editor in 30.87 ms, found 2 plugins.
Preloading 0 native plugins for Editor in 0.00 ms.
Mono: successfully reloaded assembly
- Completed reload, in  1.208 seconds
Platform modules already initialized, skipping
Registering precompiled user dll's ...
Registered in 0.004440 seconds.
Begin MonoManager ReloadAssembly
Native extension for WindowsStandalone target not found
Refreshing native plugins compatible for Editor in 0.29 ms, found 2 plugins.
Preloading 0 native plugins for Editor in 0.00 ms.
Mono: successfully reloaded assembly
- Completed reload, in  1.134 seconds
Platform modules already initialized, skipping
========================================================================
Worker process is ready to serve import requests
Launched and connected shader compiler UnityShaderCompiler.exe after 0.04 seconds
Refreshing native plugins compatible for Editor in 0.36 ms, found 2 plugins.
Preloading 0 native plugins for Editor in 0.00 ms.
Unloading 1391 Unused Serialized files (Serialized files now loaded: 0)
System memory in use before: 64.9 MB.
System memory in use after: 64.9 MB.

Unloading 19 unused Assets to reduce memory usage. Loaded Objects now: 1824.
Total: 2.226400 ms (FindLiveObjects: 0.223200 ms CreateObjectMapping: 0.076900 ms MarkObjects: 1.846600 ms  DeleteObjects: 0.077200 ms)

AssetImportParameters requested are different than current active one (requested -> active):
  custom:framework-win-MediaFoundation: 216162199b28c13a410421893ffa2e32 -> 
  custom:video-decoder-ogg-theora: a1e56fd34408186e4bbccfd4996cb3dc -> 
  custom:container-muxer-webm: aa71ff27fc2769a1b78a27578f13a17b -> 
  custom:container-demuxer-webm: 4f35f7cbe854078d1ac9338744f61a02 -> 
  custom:container-demuxer-ogg: 62fdf1f143b41e24485cea50d1cbac27 -> 
  custom:video-encoder-webm-vp8: eb34c28f22e8b96e1ab97ce403110664 -> 
  custom:video-codec-MediaFoundation-h265: 746d11721c4dcdbdad8f713fa42b33f4 -> 
  custom:video-decoder-webm-vp8: 9c59270c3fd7afecdb556c50c9e8de78 -> 
  custom:audio-decoder-ogg-vorbis: bf7c407c2cedff20999df2af8eb42d56 -> 
  custom:audio-encoder-webm-vorbis: bf7c407c2cedff20999df2af8eb42d56 -> 
========================================================================
Received Import Request.
  path: Assets/Scenes/DontTouchTheCubes.unity
  artifactKey: Guid(2d89ffdc0888f53478edaab942b1c792) Importer(815301076,1909f56bfc062723c751e8b465ee728b)
Start importing Assets/Scenes/DontTouchTheCubes.unity using Guid(2d89ffdc0888f53478edaab942b1c792) Importer(815301076,1909f56bfc062723c751e8b465ee728b)  -> (artifact id: '388217fef6e2a9da1b36f1d967846b15') in 0.018612 seconds 
  Import took 0.021350 seconds .

========================================================================
Received Prepare
Registering precompiled user dll's ...
Registered in 0.112265 seconds.
Begin MonoManager ReloadAssembly
Native extension for WindowsStandalone target not found
Refreshing native plugins compatible for Editor in 0.59 ms, found 2 plugins.
Preloading 0 native plugins for Editor in 0.00 ms.
Mono: successfully reloaded assembly
- Completed reload, in  1.704 seconds
Platform modules already initialized, skipping
Refreshing native plugins compatible for Editor in 0.34 ms, found 2 plugins.
Preloading 0 native plugins for Editor in 0.00 ms.
Unloading 1386 Unused Serialized files (Serialized files now loaded: 0)
System memory in use before: 64.8 MB.
System memory in use after: 64.9 MB.

Unloading 14 unused Assets to reduce memory usage. Loaded Objects now: 1827.
Total: 2.884800 ms (FindLiveObjects: 0.231600 ms CreateObjectMapping: 0.059600 ms MarkObjects: 2.474000 ms  DeleteObjects: 0.116200 ms)

AssetImportParameters requested are different than current active one (requested -> active):
  custom:framework-win-MediaFoundation: 216162199b28c13a410421893ffa2e32 -> 
  custom:video-decoder-ogg-theora: a1e56fd34408186e4bbccfd4996cb3dc -> 
  custom:container-muxer-webm: aa71ff27fc2769a1b78a27578f13a17b -> 
  custom:container-demuxer-webm: 4f35f7cbe854078d1ac9338744f61a02 -> 
  custom:container-demuxer-ogg: 62fdf1f143b41e24485cea50d1cbac27 -> 
  custom:video-encoder-webm-vp8: eb34c28f22e8b96e1ab97ce403110664 -> 
  custom:video-codec-MediaFoundation-h265: 746d11721c4dcdbdad8f713fa42b33f4 -> 
  custom:video-decoder-webm-vp8: 9c59270c3fd7afecdb556c50c9e8de78 -> 
  custom:audio-decoder-ogg-vorbis: bf7c407c2cedff20999df2af8eb42d56 -> 
  custom:audio-encoder-webm-vorbis: bf7c407c2cedff20999df2af8eb42d56 -> 
========================================================================
Received Import Request.
  Time since last request: 1168.799624 seconds.
  path: Assets/Scripts/SpawnObjects.cs
  artifactKey: Guid(9e812ca80e8d45a4c890594f81d67168) Importer(815301076,1909f56bfc062723c751e8b465ee728b)
Start importing Assets/Scripts/SpawnObjects.cs using Guid(9e812ca80e8d45a4c890594f81d67168) Importer(815301076,1909f56bfc062723c751e8b465ee728b)  -> (artifact id: '79fac9a4871be1fadb39d1c777bfcffe') in 0.046245 seconds 
  Import took 0.049849 seconds .

========================================================================
Received Import Request.
  Time since last request: 341.417112 seconds.
  path: Assets/Resources/Icons
  artifactKey: Guid(fed9490628398dc4391a834005ccc91c) Importer(815301076,1909f56bfc062723c751e8b465ee728b)
Start importing Assets/Resources/Icons using Guid(fed9490628398dc4391a834005ccc91c) Importer(815301076,1909f56bfc062723c751e8b465ee728b)  -> (artifact id: '6e6bfd5c8d546e30c64f992a56f2d0ea') in 0.013390 seconds 
  Import took 0.025678 seconds .

========================================================================
Received Import Request.
  Time since last request: 0.119996 seconds.
  path: Assets/Resources/Icons/1f3ae.png
  artifactKey: Guid(39e9a147bb3eced4ab5b82a84df774b0) Importer(815301076,1909f56bfc062723c751e8b465ee728b)
Start importing Assets/Resources/Icons/1f3ae.png using Guid(39e9a147bb3eced4ab5b82a84df774b0) Importer(815301076,1909f56bfc062723c751e8b465ee728b)  -> (artifact id: 'a9f993758a34b3d49198bd5a1435ee2a') in 0.084486 seconds 
  Import took 0.088647 seconds .

========================================================================
Received Import Request.
  Time since last request: 0.000201 seconds.
  path: Assets/Resources/Icons/pngkey.com-arrow-design-png-2456607.png
  artifactKey: Guid(a7730bab8c2b4eb4eab06a05fa5543a3) Importer(815301076,1909f56bfc062723c751e8b465ee728b)
Start importing Assets/Resources/Icons/pngkey.com-arrow-design-png-2456607.png using Guid(a7730bab8c2b4eb4eab06a05fa5543a3) Importer(815301076,1909f56bfc062723c751e8b465ee728b)  -> (artifact id: '84e33955e8a11dd771c8911965daf63c') in 0.058183 seconds 
  Import took 0.062031 seconds .

========================================================================
Received Import Request.
  Time since last request: 0.000208 seconds.
  path: Assets/Resources/Icons/Leaves.png
  artifactKey: Guid(ea4eb54cafca4b9428d7c096f69deed7) Importer(815301076,1909f56bfc062723c751e8b465ee728b)
Start importing Assets/Resources/Icons/Leaves.png using Guid(ea4eb54cafca4b9428d7c096f69deed7) Importer(815301076,1909f56bfc062723c751e8b465ee728b)  -> (artifact id: '17911fefc2e578dfdcaa24bd36059ab8') in 0.027093 seconds 
  Import took 0.030271 seconds .

========================================================================
Received Import Request.
  Time since last request: 0.000246 seconds.
  path: Assets/Resources/Icons/collectables.png
  artifactKey: Guid(29f4a7575f7dbda4bbd9ca2de8852c66) Importer(815301076,1909f56bfc062723c751e8b465ee728b)
Start importing Assets/Resources/Icons/collectables.png using Guid(29f4a7575f7dbda4bbd9ca2de8852c66) Importer(815301076,1909f56bfc062723c751e8b465ee728b)  -> (artifact id: '2273428a45c6146456ec28556a7c6f36') in 0.023862 seconds 
  Import took 0.028464 seconds .

========================================================================
Received Import Request.
  Time since last request: 0.000312 seconds.
  path: Assets/Resources/Icons/boundaries.png
  artifactKey: Guid(774823e620ef6a64dab09d752fc623e2) Importer(815301076,1909f56bfc062723c751e8b465ee728b)
Start importing Assets/Resources/Icons/boundaries.png using Guid(774823e620ef6a64dab09d752fc623e2) Importer(815301076,1909f56bfc062723c751e8b465ee728b)  -> (artifact id: 'd57d716e467507227e0548c2c3c1bd4a') in 0.023236 seconds 
  Import took 0.027009 seconds .

========================================================================
Received Import Request.
  Time since last request: 0.000197 seconds.
  path: Assets/Resources/Icons/score.png
  artifactKey: Guid(bedad306b2c9c7c45b3dede9288ba435) Importer(815301076,1909f56bfc062723c751e8b465ee728b)
Start importing Assets/Resources/Icons/score.png using Guid(bedad306b2c9c7c45b3dede9288ba435) Importer(815301076,1909f56bfc062723c751e8b465ee728b)  -> (artifact id: '37d71336415fac8debd5e14d3ea3472a') in 0.023577 seconds 
  Import took 0.026925 seconds .

========================================================================
Received Import Request.
  Time since last request: 0.000271 seconds.
  path: Assets/Resources/Icons/how-to-create-a-png-1.png
  artifactKey: Guid(7d249436758a73e4bacd1038f09189fe) Importer(815301076,1909f56bfc062723c751e8b465ee728b)
Start importing Assets/Resources/Icons/how-to-create-a-png-1.png using Guid(7d249436758a73e4bacd1038f09189fe) Importer(815301076,1909f56bfc062723c751e8b465ee728b)  -> (artifact id: '435282d3b5995eb8f84bcfc78181464d') in 0.014566 seconds 
  Import took 0.017708 seconds .

========================================================================
Received Import Request.
  Time since last request: 0.000277 seconds.
  path: Assets/Resources/Icons/reset.png
  artifactKey: Guid(7aa3faa8702ed2d45b4bae5c39511876) Importer(815301076,1909f56bfc062723c751e8b465ee728b)
Start importing Assets/Resources/Icons/reset.png using Guid(7aa3faa8702ed2d45b4bae5c39511876) Importer(815301076,1909f56bfc062723c751e8b465ee728b)  -> (artifact id: 'a5c4132c1d416cbf7a2c9da4fc0987a4') in 0.025928 seconds 
  Import took 0.029846 seconds .

========================================================================
Received Import Request.
  Time since last request: 0.000297 seconds.
  path: Assets/Resources/Icons/DestroyOverTime.png
  artifactKey: Guid(151215a4c5ecdf840a1fbee697c505b6) Importer(815301076,1909f56bfc062723c751e8b465ee728b)
Start importing Assets/Resources/Icons/DestroyOverTime.png using Guid(151215a4c5ecdf840a1fbee697c505b6) Importer(815301076,1909f56bfc062723c751e8b465ee728b)  -> (artifact id: 'f188c207e228a54128e82bb02f42d478') in 0.013972 seconds 
  Import took 0.017236 seconds .

========================================================================
Received Import Request.
  Time since last request: 0.000180 seconds.
  path: Assets/Resources/Icons/teleport.png
  artifactKey: Guid(16c31b1270e811f44b87f181efc9edcb) Importer(815301076,1909f56bfc062723c751e8b465ee728b)
Start importing Assets/Resources/Icons/teleport.png using Guid(16c31b1270e811f44b87f181efc9edcb) Importer(815301076,1909f56bfc062723c751e8b465ee728b)  -> (artifact id: 'de0a8a88f89c8f8240544b04d2c6ae13') in 0.022651 seconds 
  Import took 0.025672 seconds .

========================================================================
Received Import Request.
  Time since last request: 0.000458 seconds.
  path: Assets/Resources/Icons/img_542833.png
  artifactKey: Guid(0980736648babc64492f8d6eb0a59980) Importer(815301076,1909f56bfc062723c751e8b465ee728b)
Start importing Assets/Resources/Icons/img_542833.png using Guid(0980736648babc64492f8d6eb0a59980) Importer(815301076,1909f56bfc062723c751e8b465ee728b)  -> (artifact id: '26f845644532d39bb895796d407b0b69') in 0.023565 seconds 
  Import took 0.027221 seconds .

========================================================================
Received Prepare
Registering precompiled user dll's ...
Registered in 0.005016 seconds.
Begin MonoManager ReloadAssembly
Native extension for WindowsStandalone target not found
Refreshing native plugins compatible for Editor in 0.28 ms, found 2 plugins.
Preloading 0 native plugins for Editor in 0.00 ms.
Mono: successfully reloaded assembly
- Completed reload, in  1.040 seconds
Platform modules already initialized, skipping
Refreshing native plugins compatible for Editor in 0.25 ms, found 2 plugins.
Preloading 0 native plugins for Editor in 0.00 ms.
Unloading 1386 Unused Serialized files (Serialized files now loaded: 0)
System memory in use before: 64.9 MB.
System memory in use after: 64.9 MB.

Unloading 14 unused Assets to reduce memory usage. Loaded Objects now: 1834.
Total: 1.565400 ms (FindLiveObjects: 0.113500 ms CreateObjectMapping: 0.035800 ms MarkObjects: 1.358800 ms  DeleteObjects: 0.056100 ms)

AssetImportParameters requested are different than current active one (requested -> active):
  custom:framework-win-MediaFoundation: 216162199b28c13a410421893ffa2e32 -> 
  custom:video-decoder-ogg-theora: a1e56fd34408186e4bbccfd4996cb3dc -> 
  custom:container-muxer-webm: aa71ff27fc2769a1b78a27578f13a17b -> 
  custom:container-demuxer-webm: 4f35f7cbe854078d1ac9338744f61a02 -> 
  custom:container-demuxer-ogg: 62fdf1f143b41e24485cea50d1cbac27 -> 
  custom:video-encoder-webm-vp8: eb34c28f22e8b96e1ab97ce403110664 -> 
  custom:video-codec-MediaFoundation-h265: 746d11721c4dcdbdad8f713fa42b33f4 -> 
  custom:video-decoder-webm-vp8: 9c59270c3fd7afecdb556c50c9e8de78 -> 
  custom:audio-decoder-ogg-vorbis: bf7c407c2cedff20999df2af8eb42d56 -> 
  custom:audio-encoder-webm-vorbis: bf7c407c2cedff20999df2af8eb42d56 -> 
========================================================================
Received Prepare
Registering precompiled user dll's ...
Registered in 0.014090 seconds.
Begin MonoManager ReloadAssembly
Native extension for WindowsStandalone target not found
Refreshing native plugins compatible for Editor in 0.35 ms, found 2 plugins.
Preloading 0 native plugins for Editor in 0.00 ms.
Mono: successfully reloaded assembly
- Completed reload, in  2.326 seconds
Platform modules already initialized, skipping
Refreshing native plugins compatible for Editor in 0.78 ms, found 2 plugins.
Preloading 0 native plugins for Editor in 0.00 ms.
Unloading 1386 Unused Serialized files (Serialized files now loaded: 0)
System memory in use before: 64.9 MB.
System memory in use after: 65.0 MB.

Unloading 14 unused Assets to reduce memory usage. Loaded Objects now: 1837.
Total: 3.040900 ms (FindLiveObjects: 0.202600 ms CreateObjectMapping: 0.063400 ms MarkObjects: 2.692600 ms  DeleteObjects: 0.079800 ms)

AssetImportParameters requested are different than current active one (requested -> active):
  custom:framework-win-MediaFoundation: 216162199b28c13a410421893ffa2e32 -> 
  custom:video-decoder-ogg-theora: a1e56fd34408186e4bbccfd4996cb3dc -> 
  custom:container-muxer-webm: aa71ff27fc2769a1b78a27578f13a17b -> 
  custom:container-demuxer-webm: 4f35f7cbe854078d1ac9338744f61a02 -> 
  custom:container-demuxer-ogg: 62fdf1f143b41e24485cea50d1cbac27 -> 
  custom:video-encoder-webm-vp8: eb34c28f22e8b96e1ab97ce403110664 -> 
  custom:video-codec-MediaFoundation-h265: 746d11721c4dcdbdad8f713fa42b33f4 -> 
  custom:video-decoder-webm-vp8: 9c59270c3fd7afecdb556c50c9e8de78 -> 
  custom:audio-decoder-ogg-vorbis: bf7c407c2cedff20999df2af8eb42d56 -> 
  custom:audio-encoder-webm-vorbis: bf7c407c2cedff20999df2af8eb42d56 -> 
========================================================================
Received Prepare
Registering precompiled user dll's ...
Registered in 0.003973 seconds.
Begin MonoManager ReloadAssembly
Native extension for WindowsStandalone target not found
Refreshing native plugins compatible for Editor in 0.33 ms, found 2 plugins.
Preloading 0 native plugins for Editor in 0.00 ms.
Mono: successfully reloaded assembly
- Completed reload, in  1.115 seconds
Platform modules already initialized, skipping
Refreshing native plugins compatible for Editor in 0.28 ms, found 2 plugins.
Preloading 0 native plugins for Editor in 0.00 ms.
Unloading 1386 Unused Serialized files (Serialized files now loaded: 0)
System memory in use before: 64.9 MB.
System memory in use after: 65.0 MB.

Unloading 14 unused Assets to reduce memory usage. Loaded Objects now: 1840.
Total: 1.605600 ms (FindLiveObjects: 0.114400 ms CreateObjectMapping: 0.034900 ms MarkObjects: 1.398400 ms  DeleteObjects: 0.056700 ms)

AssetImportParameters requested are different than current active one (requested -> active):
  custom:framework-win-MediaFoundation: 216162199b28c13a410421893ffa2e32 -> 
  custom:video-decoder-ogg-theora: a1e56fd34408186e4bbccfd4996cb3dc -> 
  custom:container-muxer-webm: aa71ff27fc2769a1b78a27578f13a17b -> 
  custom:container-demuxer-webm: 4f35f7cbe854078d1ac9338744f61a02 -> 
  custom:container-demuxer-ogg: 62fdf1f143b41e24485cea50d1cbac27 -> 
  custom:video-encoder-webm-vp8: eb34c28f22e8b96e1ab97ce403110664 -> 
  custom:video-codec-MediaFoundation-h265: 746d11721c4dcdbdad8f713fa42b33f4 -> 
  custom:video-decoder-webm-vp8: 9c59270c3fd7afecdb556c50c9e8de78 -> 
  custom:audio-decoder-ogg-vorbis: bf7c407c2cedff20999df2af8eb42d56 -> 
  custom:audio-encoder-webm-vorbis: bf7c407c2cedff20999df2af8eb42d56 -> 
========================================================================
Received Import Request.
  Time since last request: 1185.759693 seconds.
  path: Assets/Prefabs/TimerCanvas.prefab
  artifactKey: Guid(896a692aba7b4cf47b48554f36daa381) Importer(815301076,1909f56bfc062723c751e8b465ee728b)
Start importing Assets/Prefabs/TimerCanvas.prefab using Guid(896a692aba7b4cf47b48554f36daa381) Importer(815301076,1909f56bfc062723c751e8b465ee728b)  -> (artifact id: '3019c20e64368b6227f774bfdd236126') in 0.053660 seconds 
  Import took 0.056410 seconds .

========================================================================
Received Import Request.
  Time since last request: 0.000173 seconds.
  path: Assets/Prefabs/Cube.prefab
  artifactKey: Guid(d818f5603f0bb6d48ba1af9862fb4429) Importer(815301076,1909f56bfc062723c751e8b465ee728b)
Start importing Assets/Prefabs/Cube.prefab using Guid(d818f5603f0bb6d48ba1af9862fb4429) Importer(815301076,1909f56bfc062723c751e8b465ee728b)  -> (artifact id: 'fad7cc90ef759323ce9f6d98d5a3ac41') in 0.150625 seconds 
  Import took 0.153474 seconds .

========================================================================
Received Import Request.
  Time since last request: 443.623647 seconds.
  path: Assets/Scripts/SpawnObjects.cs
  artifactKey: Guid(9e812ca80e8d45a4c890594f81d67168) Importer(815301076,1909f56bfc062723c751e8b465ee728b)
Start importing Assets/Scripts/SpawnObjects.cs using Guid(9e812ca80e8d45a4c890594f81d67168) Importer(815301076,1909f56bfc062723c751e8b465ee728b)  -> (artifact id: 'da8ed0f57f50c35da27d136c6f412880') in 0.003502 seconds 
  Import took 0.006865 seconds .

========================================================================
Received Import Request.
  Time since last request: 0.001962 seconds.
  path: Assets/Scripts/SpawnObjects.cs
  artifactKey: Guid(9e812ca80e8d45a4c890594f81d67168) Importer(815301076,1909f56bfc062723c751e8b465ee728b)
Start importing Assets/Scripts/SpawnObjects.cs using Guid(9e812ca80e8d45a4c890594f81d67168) Importer(815301076,1909f56bfc062723c751e8b465ee728b)  -> (artifact id: 'da8ed0f57f50c35da27d136c6f412880') in 0.004987 seconds 
  Import took 0.007993 seconds .

========================================================================
Received Import Request.
  Time since last request: 6.520913 seconds.
  path: Assets/Scripts/MovingAndRotatingObjects.cs
  artifactKey: Guid(e9cbc2d72d45e774c801106963c3a188) Importer(815301076,1909f56bfc062723c751e8b465ee728b)
Start importing Assets/Scripts/MovingAndRotatingObjects.cs using Guid(e9cbc2d72d45e774c801106963c3a188) Importer(815301076,1909f56bfc062723c751e8b465ee728b)  -> (artifact id: '2d93b52945beecd4bdf7c58676cfac32') in 0.010691 seconds 
  Import took 0.019957 seconds .

========================================================================
Received Prepare
Registering precompiled user dll's ...
Registered in 0.005883 seconds.
Begin MonoManager ReloadAssembly
Native extension for WindowsStandalone target not found
Refreshing native plugins compatible for Editor in 0.29 ms, found 2 plugins.
Preloading 0 native plugins for Editor in 0.00 ms.
Mono: successfully reloaded assembly
- Completed reload, in  0.932 seconds
Platform modules already initialized, skipping
Refreshing native plugins compatible for Editor in 0.47 ms, found 2 plugins.
Preloading 0 native plugins for Editor in 0.00 ms.
Unloading 1386 Unused Serialized files (Serialized files now loaded: 0)
System memory in use before: 68.0 MB.
System memory in use after: 68.1 MB.

Unloading 15 unused Assets to reduce memory usage. Loaded Objects now: 1850.
Total: 1.643600 ms (FindLiveObjects: 0.137100 ms CreateObjectMapping: 0.043300 ms MarkObjects: 1.384500 ms  DeleteObjects: 0.076500 ms)

AssetImportParameters requested are different than current active one (requested -> active):
  custom:framework-win-MediaFoundation: 216162199b28c13a410421893ffa2e32 -> 
  custom:video-decoder-ogg-theora: a1e56fd34408186e4bbccfd4996cb3dc -> 
  custom:container-muxer-webm: aa71ff27fc2769a1b78a27578f13a17b -> 
  custom:container-demuxer-webm: 4f35f7cbe854078d1ac9338744f61a02 -> 
  custom:container-demuxer-ogg: 62fdf1f143b41e24485cea50d1cbac27 -> 
  custom:video-encoder-webm-vp8: eb34c28f22e8b96e1ab97ce403110664 -> 
  custom:video-codec-MediaFoundation-h265: 746d11721c4dcdbdad8f713fa42b33f4 -> 
  custom:video-decoder-webm-vp8: 9c59270c3fd7afecdb556c50c9e8de78 -> 
  custom:audio-decoder-ogg-vorbis: bf7c407c2cedff20999df2af8eb42d56 -> 
  custom:audio-encoder-webm-vorbis: bf7c407c2cedff20999df2af8eb42d56 -> 
========================================================================
Received Import Request.
  Time since last request: 266.133537 seconds.
  path: Assets/Scripts/MovingAndRotatingObjects.cs
  artifactKey: Guid(e9cbc2d72d45e774c801106963c3a188) Importer(815301076,1909f56bfc062723c751e8b465ee728b)
Start importing Assets/Scripts/MovingAndRotatingObjects.cs using Guid(e9cbc2d72d45e774c801106963c3a188) Importer(815301076,1909f56bfc062723c751e8b465ee728b)  -> (artifact id: '88f79c5902860eea95d6068daaf1f4e4') in 0.005001 seconds 
  Import took 0.008835 seconds .

========================================================================
Received Import Request.
  Time since last request: 0.081386 seconds.
  path: Assets/Scripts/MovingAndRotatingObjects.cs
  artifactKey: Guid(e9cbc2d72d45e774c801106963c3a188) Importer(815301076,1909f56bfc062723c751e8b465ee728b)
Start importing Assets/Scripts/MovingAndRotatingObjects.cs using Guid(e9cbc2d72d45e774c801106963c3a188) Importer(815301076,1909f56bfc062723c751e8b465ee728b)  -> (artifact id: '88f79c5902860eea95d6068daaf1f4e4') in 0.002819 seconds 
  Import took 0.005966 seconds .

AssetImportWorkerClient::OnTransportError - code=2 error=End of file
